<testsuite failures="1" name="src/test/java/apiTestWithKarate/execution.feature" skipped="0" tests="1" time="1.94689">
  <testcase classname="src.test.java.apiTestWithKarate.execution" name="Create a new employee, get and delete the employee" time="1.94689">
    <failure message="execution.feature:30 - &#10;commonKarateFunction.feature:30 - status code was: 429, expected: 200, response time: 700, url: http://dummy.restapiexample.com/api/v1/delete/1, response: &lt;!DOCTYPE html&gt;&#10;&lt;html lang=&quot;en&quot;&gt;&#10;    &lt;head&gt;&#10;        &lt;meta charset=&quot;utf-8&quot;&gt;&#10;        &lt;meta name=&quot;viewport&quot; content=&quot;width=device-width, initial-scale=1&quot;&gt;&#10;&#10;        &lt;title&gt;Too Many Requests&lt;/title&gt;&#10;&#10;        &lt;!-- Fonts --&gt;&#10;        &lt;link rel=&quot;dns-prefetch&quot; href=&quot;//fonts.gstatic.com&quot;&gt;&#10;        &lt;link href=&quot;https://fonts.googleapis.com/css?family=Nunito&quot; rel=&quot;stylesheet&quot;&gt;&#10;&#10;        &lt;!-- Styles --&gt;&#10;        &lt;style&gt;&#10;            html, body {&#10;                background-color: #fff;&#10;                color: #636b6f;&#10;                font-family: 'Nunito', sans-serif;&#10;                font-weight: 100;&#10;                height: 100vh;&#10;                margin: 0;&#10;            }&#10;&#10;            .full-height {&#10;                height: 100vh;&#10;            }&#10;&#10;            .flex-center {&#10;                align-items: center;&#10;                display: flex;&#10;                justify-content: center;&#10;            }&#10;&#10;            .position-ref {&#10;                position: relative;&#10;            }&#10;&#10;            .code {&#10;                border-right: 2px solid;&#10;                font-size: 26px;&#10;                padding: 0 15px 0 15px;&#10;                text-align: center;&#10;            }&#10;&#10;            .message {&#10;                font-size: 18px;&#10;                text-align: center;&#10;            }&#10;        &lt;/style&gt;&#10;    &lt;/head&gt;&#10;    &lt;body&gt;&#10;        &lt;div class=&quot;flex-center position-ref full-height&quot;&gt;&#10;            &lt;div class=&quot;code&quot;&gt;&#10;                429            &lt;/div&gt;&#10;&#10;            &lt;div class=&quot;message&quot; style=&quot;padding: 10px;&quot;&gt;&#10;                Too Many Requests            &lt;/div&gt;&#10;        &lt;/div&gt;&#10;    &lt;/body&gt;&#10;&lt;/html&gt;&#10;">* def getEmployee = call read('commonKarateFunction.feature@GetEmployee') . passed
* print getEmployee.response .............................................. passed
* def employeeDetails = getEmployee.response.data[0] ...................... passed
* match employeeDetails.employee_name == '#present' ....................... passed
* match employeeDetails.id == '#present' .................................. passed
* assert employeeDetails.employee_salary &gt;= 0 ............................. passed
* assert employeeDetails.employee_age &gt;= 0 ................................ passed
* def employeeId = employeeDetails.id ..................................... passed
* def deleteEmployee = call read('commonKarateFunction.feature@DeleteEmployee') {'employeeId':#(employeeId)} . failed

Stack Trace:
com.intuit.karate.exception.KarateException: execution.feature:30 - 
commonKarateFunction.feature:30 - status code was: 429, expected: 200, response time: 700, url: http://dummy.restapiexample.com/api/v1/delete/1, response: &lt;!DOCTYPE html&gt;
&lt;html lang="en"&gt;
    &lt;head&gt;
        &lt;meta charset="utf-8"&gt;
        &lt;meta name="viewport" content="width=device-width, initial-scale=1"&gt;

        &lt;title&gt;Too Many Requests&lt;/title&gt;

        &lt;!-- Fonts --&gt;
        &lt;link rel="dns-prefetch" href="//fonts.gstatic.com"&gt;
        &lt;link href="https://fonts.googleapis.com/css?family=Nunito" rel="stylesheet"&gt;

        &lt;!-- Styles --&gt;
        &lt;style&gt;
            html, body {
                background-color: #fff;
                color: #636b6f;
                font-family: 'Nunito', sans-serif;
                font-weight: 100;
                height: 100vh;
                margin: 0;
            }

            .full-height {
                height: 100vh;
            }

            .flex-center {
                align-items: center;
                display: flex;
                justify-content: center;
            }

            .position-ref {
                position: relative;
            }

            .code {
                border-right: 2px solid;
                font-size: 26px;
                padding: 0 15px 0 15px;
                text-align: center;
            }

            .message {
                font-size: 18px;
                text-align: center;
            }
        &lt;/style&gt;
    &lt;/head&gt;
    &lt;body&gt;
        &lt;div class="flex-center position-ref full-height"&gt;
            &lt;div class="code"&gt;
                429            &lt;/div&gt;

            &lt;div class="message" style="padding: 10px;"&gt;
                Too Many Requests            &lt;/div&gt;
        &lt;/div&gt;
    &lt;/body&gt;
&lt;/html&gt;

	at ✽.* def deleteEmployee = call read('commonKarateFunction.feature@DeleteEmployee') {'employeeId':#(employeeId)} (execution.feature:30)

* match deleteEmployee.response.status == 'success' ....................... skipped
* match deleteEmployee.response.data == employeeId + '' ................... skipped
* match deleteEmployee.response.message == "Successfully! Record has been deleted" . skipped</failure>
  </testcase>
</testsuite>
